
> menu@1.0.0 dev
> concurrently "nohup npm run dev:frontend &" "nohup npm run dev:backend &"

[1] 
[1] > menu@1.0.0 dev:backend
[1] > nodemon server/index.js
[1] 
[0] 
[0] > menu@1.0.0 dev:frontend
[0] > nuxt
[0] 
[1] [33m[nodemon] 3.1.7[39m
[1] [33m[nodemon] to restart at any time, enter `rs`[39m
[1] [33m[nodemon] watching path(s): *.*[39m
[1] [33m[nodemon] watching extensions: js,mjs,cjs,json[39m
[1] [32m[nodemon] starting `node server/index.js`[39m
[1] node:events:497
[1]       throw er; // Unhandled 'error' event
[1]       ^
[1] 
[1] Error: listen EADDRINUSE: address already in use :::3001
[1]     at Server.setupListenHandle [as _listen2] (node:net:1908:16)
[1]     at listenInCluster (node:net:1965:12)
[1]     at Server.listen (node:net:2067:7)
[1]     at Function.listen (/home/arxan-menu/htdocs/menu.arxan.app/node_modules/express/lib/application.js:635:24)
[1]     at Object.<anonymous> (/home/arxan-menu/htdocs/menu.arxan.app/server/index.js:409:5)
[1]     at Module._compile (node:internal/modules/cjs/loader:1546:14)
[1]     at Module._extensions..js (node:internal/modules/cjs/loader:1691:10)
[1]     at Module.load (node:internal/modules/cjs/loader:1317:32)
[1]     at Module._load (node:internal/modules/cjs/loader:1127:12)
[1]     at TracingChannel.traceSync (node:diagnostics_channel:315:14)
[1] Emitted 'error' event on Server instance at:
[1]     at emitErrorNT (node:net:1944:8)
[1]     at process.processTicksAndRejections (node:internal/process/task_queues:90:21) {
[1]   code: 'EADDRINUSE',
[1]   errno: -98,
[1]   syscall: 'listen',
[1]   address: '::',
[1]   port: 3001
[1] }
[1] 
[1] Node.js v22.9.0
[1] [31m[nodemon] app crashed - waiting for file changes before starting...[39m
[0] 
[0]  ERROR  (node:2724753) [DEP0040] DeprecationWarning: The punycode module is deprecated. Please use a userland alternative instead.
[0] (Use node --trace-deprecation ... to show where the warning was created)
[0] 
[0] 
[0]  WARN  Address localhost:3000 is already in use.
[0] 
[0] ℹ Trying a random port...
[0] ℹ Listening on: http://localhost:43833/
[0] ℹ Preparing project for development
[0] ℹ Initial build may take a while
[0] ℹ Discovered Components: .nuxt/components/readme.md
[0] ✔ Builder initialized
[0] ✔ Nuxt files generated
[0] [webpackbar] ℹ Compiling Client
[0] [webpackbar] ℹ Compiling Server
[0] [webpackbar] ✔ Server: Compiled successfully in 3.33s
[0] [webpackbar] ✔ Client: Compiled successfully in 4.00s
[0] ℹ Waiting for file changes
[0] ℹ Memory usage: 289 MB (RSS: 432 MB)
[0] ℹ Listening on: http://localhost:43833/
[1] [32m[nodemon] restarting child process[39m
[1] [32m[nodemon] starting `node server/index.js`[39m
[0] nohup npm run dev:frontend & exited with code 0
[1] Server berjalan di http://localhost:3001

> menu@1.0.0 dev
> concurrently "nohup npm run dev:frontend &" "nohup npm run dev:backend &"

[1] 
[1] > menu@1.0.0 dev:backend
[1] > nodemon server/index.js
[1] 
[0] 
[0] > menu@1.0.0 dev:frontend
[0] > nuxt
[0] 
[1] [33m[nodemon] 3.1.7[39m
[1] [33m[nodemon] to restart at any time, enter `rs`[39m
[1] [33m[nodemon] watching path(s): *.*[39m
[1] [33m[nodemon] watching extensions: js,mjs,cjs,json[39m
[1] [32m[nodemon] starting `node server/index.js`[39m
[1] node:events:497
[1]       throw er; // Unhandled 'error' event
[1]       ^
[1] 
[1] Error: listen EADDRINUSE: address already in use :::3001
[1]     at Server.setupListenHandle [as _listen2] (node:net:1908:16)
[1]     at listenInCluster (node:net:1965:12)
[1]     at Server.listen (node:net:2067:7)
[1]     at Function.listen (/home/arxan-menu/htdocs/menu.arxan.app/node_modules/express/lib/application.js:635:24)
[1]     at Object.<anonymous> (/home/arxan-menu/htdocs/menu.arxan.app/server/index.js:409:5)
[1]     at Module._compile (node:internal/modules/cjs/loader:1546:14)
[1]     at Module._extensions..js (node:internal/modules/cjs/loader:1691:10)
[1]     at Module.load (node:internal/modules/cjs/loader:1317:32)
[1]     at Module._load (node:internal/modules/cjs/loader:1127:12)
[1]     at TracingChannel.traceSync (node:diagnostics_channel:315:14)
[1] Emitted 'error' event on Server instance at:
[1]     at emitErrorNT (node:net:1944:8)
[1]     at process.processTicksAndRejections (node:internal/process/task_queues:90:21) {
[1]   code: 'EADDRINUSE',
[1]   errno: -98,
[1]   syscall: 'listen',
[1]   address: '::',
[1]   port: 3001
[1] }
[1] 
[1] Node.js v22.9.0
[1] [31m[nodemon] app crashed - waiting for file changes before starting...[39m
[0] 
[0]  ERROR  (node:2725071) [DEP0040] DeprecationWarning: The punycode module is deprecated. Please use a userland alternative instead.
[0] (Use node --trace-deprecation ... to show where the warning was created)
[0] 
[0] ℹ Listening on: http://localhost:3000/
[0] ℹ Preparing project for development
[0] ℹ Initial build may take a while
[0] ℹ Discovered Components: .nuxt/components/readme.md
[0] ✔ Builder initialized
[0] ✔ Nuxt files generated
[0] [webpackbar] ℹ Compiling Client
[0] [webpackbar] ℹ Compiling Server
[0] [webpackbar] ✔ Server: Compiled successfully in 2.95s
[0] [webpackbar] ✔ Client: Compiled successfully in 3.57s
[0] ℹ Waiting for file changes
[0] ℹ Memory usage: 292 MB (RSS: 447 MB)
[0] ℹ Listening on: http://localhost:3000/
[1] [32m[nodemon] restarting due to changes...[39m
[1] [32m[nodemon] starting `node server/index.js`[39m
[1] [32m[nodemon] restarting due to changes...[39m
[1] [32m[nodemon] starting `node server/index.js`[39m
[1] [32m[nodemon] clean exit - waiting for changes before restart[39m
[1] [32m[nodemon] clean exit - waiting for changes before restart[39m
[1] [32m[nodemon] restarting due to changes...[39m
[1] [32m[nodemon] starting `node server/index.js`[39m
[1] [32m[nodemon] restarting due to changes...[39m
[1] [32m[nodemon] starting `node server/index.js`[39m
[1] Server berjalan di http://localhost:3001
[1] node:events:497
[1]       throw er; // Unhandled 'error' event
[1]       ^
[1] 
[1] Error: listen EADDRINUSE: address already in use :::3001
[1]     at Server.setupListenHandle [as _listen2] (node:net:1908:16)
[1]     at listenInCluster (node:net:1965:12)
[1]     at Server.listen (node:net:2067:7)
[1]     at Function.listen (/home/arxan-menu/htdocs/menu.arxan.app/node_modules/express/lib/application.js:635:24)
[1]     at Object.<anonymous> (/home/arxan-menu/htdocs/menu.arxan.app/server/index.js:1062:5)
[1]     at Module._compile (node:internal/modules/cjs/loader:1546:14)
[1]     at Module._extensions..js (node:internal/modules/cjs/loader:1691:10)
[1]     at Module.load (node:internal/modules/cjs/loader:1317:32)
[1]     at Module._load (node:internal/modules/cjs/loader:1127:12)
[1]     at TracingChannel.traceSync (node:diagnostics_channel:315:14)
[1] Emitted 'error' event on Server instance at:
[1]     at emitErrorNT (node:net:1944:8)
[1]     at process.processTicksAndRejections (node:internal/process/task_queues:90:21) {
[1]   code: 'EADDRINUSE',
[1]   errno: -98,
[1]   syscall: 'listen',
[1]   address: '::',
[1]   port: 3001
[1] }
[1] 
[1] Node.js v22.9.0
[1] [31m[nodemon] app crashed - waiting for file changes before starting...[39m
[1] [32m[nodemon] restarting due to changes...[39m
[1] [32m[nodemon] starting `node server/index.js`[39m
[1] [32m[nodemon] restarting due to changes...[39m
[1] [32m[nodemon] starting `node server/index.js`[39m
[1] Server berjalan di http://localhost:3001
[1] node:events:497
[1]       throw er; // Unhandled 'error' event
[1]       ^
[1] 
[1] Error: listen EADDRINUSE: address already in use :::3001
[1]     at Server.setupListenHandle [as _listen2] (node:net:1908:16)
[1]     at listenInCluster (node:net:1965:12)
[1]     at Server.listen (node:net:2067:7)
[1]     at Function.listen (/home/arxan-menu/htdocs/menu.arxan.app/node_modules/express/lib/application.js:635:24)
[1]     at Object.<anonymous> (/home/arxan-menu/htdocs/menu.arxan.app/server/index.js:1062:5)
[1]     at Module._compile (node:internal/modules/cjs/loader:1546:14)
[1]     at Module._extensions..js (node:internal/modules/cjs/loader:1691:10)
[1]     at Module.load (node:internal/modules/cjs/loader:1317:32)
[1]     at Module._load (node:internal/modules/cjs/loader:1127:12)
[1]     at TracingChannel.traceSync (node:diagnostics_channel:315:14)
[1] Emitted 'error' event on Server instance at:
[1]     at emitErrorNT (node:net:1944:8)
[1]     at process.processTicksAndRejections (node:internal/process/task_queues:90:21) {
[1]   code: 'EADDRINUSE',
[1]   errno: -98,
[1]   syscall: 'listen',
[1]   address: '::',
[1]   port: 3001
[1] }
[1] 
[1] Node.js v22.9.0
[1] [31m[nodemon] app crashed - waiting for file changes before starting...[39m
[1] [32m[nodemon] restarting due to changes...[39m
[1] [1] [32m[nodemon] restarting due to changes...[39m
[32m[nodemon] starting `node server/index.js`[39m
[1] [32m[nodemon] starting `node server/index.js`[39m
[1] Server berjalan di http://localhost:3001
[1] node:events:497
[1]       throw er; // Unhandled 'error' event
[1]       ^
[1] 
[1] Error: listen EADDRINUSE: address already in use :::3001
[1]     at Server.setupListenHandle [as _listen2] (node:net:1908:16)
[1]     at listenInCluster (node:net:1965:12)
[1]     at Server.listen (node:net:2067:7)
[1]     at Function.listen (/home/arxan-menu/htdocs/menu.arxan.app/node_modules/express/lib/application.js:635:24)
[1]     at Object.<anonymous> (/home/arxan-menu/htdocs/menu.arxan.app/server/index.js:1062:5)
[1]     at Module._compile (node:internal/modules/cjs/loader:1546:14)
[1]     at Module._extensions..js (node:internal/modules/cjs/loader:1691:10)
[1]     at Module.load (node:internal/modules/cjs/loader:1317:32)
[1]     at Module._load (node:internal/modules/cjs/loader:1127:12)
[1]     at TracingChannel.traceSync (node:diagnostics_channel:315:14)
[1] Emitted 'error' event on Server instance at:
[1]     at emitErrorNT (node:net:1944:8)
[1]     at process.processTicksAndRejections (node:internal/process/task_queues:90:21) {
[1]   code: 'EADDRINUSE',
[1]   errno: -98,
[1]   syscall: 'listen',
[1]   address: '::',
[1]   port: 3001
[1] }
[1] 
[1] Node.js v22.9.0
[1] [31m[nodemon] app crashed - waiting for file changes before starting...[39m
[1] [32m[nodemon] restarting due to changes...[39m
[1] [32m[nodemon] restarting due to changes...[39m
[1] [32m[nodemon] starting `node server/index.js`[39m
[1] [32m[nodemon] starting `node server/index.js`[39m
[1] Server berjalan di http://localhost:3001
[1] node:events:497
[1]       throw er; // Unhandled 'error' event
[1]       ^
[1] 
[1] Error: listen EADDRINUSE: address already in use :::3001
[1]     at Server.setupListenHandle [as _listen2] (node:net:1908:16)
[1]     at listenInCluster (node:net:1965:12)
[1]     at Server.listen (node:net:2067:7)
[1]     at Function.listen (/home/arxan-menu/htdocs/menu.arxan.app/node_modules/express/lib/application.js:635:24)
[1]     at Object.<anonymous> (/home/arxan-menu/htdocs/menu.arxan.app/server/index.js:1062:5)
[1]     at Module._compile (node:internal/modules/cjs/loader:1546:14)
[1]     at Module._extensions..js (node:internal/modules/cjs/loader:1691:10)
[1]     at Module.load (node:internal/modules/cjs/loader:1317:32)
[1]     at Module._load (node:internal/modules/cjs/loader:1127:12)
[1]     at TracingChannel.traceSync (node:diagnostics_channel:315:14)
[1] Emitted 'error' event on Server instance at:
[1]     at emitErrorNT (node:net:1944:8)
[1]     at process.processTicksAndRejections (node:internal/process/task_queues:90:21) {
[1]   code: 'EADDRINUSE',
[1]   errno: -98,
[1]   syscall: 'listen',
[1]   address: '::',
[1]   port: 3001
[1] }
[1] 
[1] Node.js v22.9.0
[1] [31m[nodemon] app crashed - waiting for file changes before starting...[39m
[1] [1] [32m[nodemon] restarting due to changes...[39m
[1] [32m[nodemon] starting `node server/index.js`[39m
[32m[nodemon] restarting due to changes...[39m
[1] [32m[nodemon] starting `node server/index.js`[39m
[0] ↻ Updated middleware/auth.js
[1] Server berjalan di http://localhost:3001
[1] node:events:497
[1]       throw er; // Unhandled 'error' event
[1]       ^
[1] 
[1] Error: listen EADDRINUSE: address already in use :::3001
[1]     at Server.setupListenHandle [as _listen2] (node:net:1908:16)
[1]     at listenInCluster (node:net:1965:12)
[1]     at Server.listen (node:net:2067:7)
[1]     at Function.listen (/home/arxan-menu/htdocs/menu.arxan.app/node_modules/express/lib/application.js:635:24)
[1]     at Object.<anonymous> (/home/arxan-menu/htdocs/menu.arxan.app/server/index.js:1062:5)
[1]     at Module._compile (node:internal/modules/cjs/loader:1546:14)
[1]     at Module._extensions..js (node:internal/modules/cjs/loader:1691:10)
[1]     at Module.load (node:internal/modules/cjs/loader:1317:32)
[1]     at Module._load (node:internal/modules/cjs/loader:1127:12)
[1]     at TracingChannel.traceSync (node:diagnostics_channel:315:14)
[1] Emitted 'error' event on Server instance at:
[1]     at emitErrorNT (node:net:1944:8)
[1]     at process.processTicksAndRejections (node:internal/process/task_queues:90:21) {
[1]   code: 'EADDRINUSE',
[1]   errno: -98,
[1]   syscall: 'listen',
[1]   address: '::',
[1]   port: 3001
[1] }
[1] 
[1] Node.js v22.9.0
[1] [31m[nodemon] app crashed - waiting for file changes before starting...[39m
[1] [1] [32m[nodemon] restarting due to changes...[39m
[32m[nodemon] restarting due to changes...[39m
[1] [32m[nodemon] starting `node server/index.js`[39m
[1] [32m[nodemon] starting `node server/index.js`[39m
[1] Server berjalan di http://localhost:3001
[1] node:events:497
[1]       throw er; // Unhandled 'error' event
[1]       ^
[1] 
[1] Error: listen EADDRINUSE: address already in use :::3001
[1]     at Server.setupListenHandle [as _listen2] (node:net:1908:16)
[1]     at listenInCluster (node:net:1965:12)
[1]     at Server.listen (node:net:2067:7)
[1]     at Function.listen (/home/arxan-menu/htdocs/menu.arxan.app/node_modules/express/lib/application.js:635:24)
[1]     at Object.<anonymous> (/home/arxan-menu/htdocs/menu.arxan.app/server/index.js:1062:5)
[1]     at Module._compile (node:internal/modules/cjs/loader:1546:14)
[1]     at Module._extensions..js (node:internal/modules/cjs/loader:1691:10)
[1]     at Module.load (node:internal/modules/cjs/loader:1317:32)
[1]     at Module._load (node:internal/modules/cjs/loader:1127:12)
[1]     at TracingChannel.traceSync (node:diagnostics_channel:315:14)
[1] Emitted 'error' event on Server instance at:
[1]     at emitErrorNT (node:net:1944:8)
[1]     at process.processTicksAndRejections (node:internal/process/task_queues:90:21) {
[1]   code: 'EADDRINUSE',
[1]   errno: -98,
[1]   syscall: 'listen',
[1]   address: '::',
[1]   port: 3001
[1] }
[1] 
[1] Node.js v22.9.0
[1] [31m[nodemon] app crashed - waiting for file changes before starting...[39m
[1] [32m[nodemon] restarting due to changes...[39m
[1] [32m[nodemon] starting `node server/index.js`[39m
[1] [32m[nodemon] restarting due to changes...[39m
[1] [32m[nodemon] starting `node server/index.js`[39m
[1] Server berjalan di http://localhost:3001
[1] node:events:497
[1]       throw er; // Unhandled 'error' event
[1]       ^
[1] 
[1] Error: listen EADDRINUSE: address already in use :::3001
[1]     at Server.setupListenHandle [as _listen2] (node:net:1908:16)
[1]     at listenInCluster (node:net:1965:12)
[1]     at Server.listen (node:net:2067:7)
[1]     at Function.listen (/home/arxan-menu/htdocs/menu.arxan.app/node_modules/express/lib/application.js:635:24)
[1]     at Object.<anonymous> (/home/arxan-menu/htdocs/menu.arxan.app/server/index.js:1062:5)
[1]     at Module._compile (node:internal/modules/cjs/loader:1546:14)
[1]     at Module._extensions..js (node:internal/modules/cjs/loader:1691:10)
[1]     at Module.load (node:internal/modules/cjs/loader:1317:32)
[1]     at Module._load (node:internal/modules/cjs/loader:1127:12)
[1]     at TracingChannel.traceSync (node:diagnostics_channel:315:14)
[1] Emitted 'error' event on Server instance at:
[1]     at emitErrorNT (node:net:1944:8)
[1]     at process.processTicksAndRejections (node:internal/process/task_queues:90:21) {
[1]   code: 'EADDRINUSE',
[1]   errno: -98,
[1]   syscall: 'listen',
[1]   address: '::',
[1]   port: 3001
[1] }
[1] 
[1] Node.js v22.9.0
[1] [31m[nodemon] app crashed - waiting for file changes before starting...[39m
[0] [webpackbar] ℹ Compiling Server
[0] [webpackbar] ℹ Compiling Client
[0] [webpackbar] ✔ Server: Compiled successfully in 1.48s
[0] [webpackbar] ✔ Client: Compiled successfully in 1.49s
[0] ↻ Updated .nuxt/views/app.template.html
[0] ✔ Nuxt files generated
[0] [webpackbar] ℹ Compiling Server
[0] [webpackbar] ℹ Compiling Client
[0] [webpackbar] ✔ Server: Compiled successfully in 422.57ms
[0] [webpackbar] ✔ Client: Compiled successfully in 588.55ms
[0] ↻ Updated .nuxt/components/nuxt-build-indicator.vue
[0] ✔ Nuxt files generated
[0] [webpackbar] ℹ Compiling Server
[0] [webpackbar] ℹ Compiling Client
[0] [webpackbar] ✔ Server: Compiled successfully in 250.71ms
[0] [webpackbar] ✔ Client: Compiled successfully in 360.01ms
[0] ↻ Updated .nuxt/App.js
[0] ✔ Nuxt files generated
[0] [webpackbar] ℹ Compiling Server
[0] [webpackbar] ℹ Compiling Client
[0] [webpackbar] ✔ Server: Compiled successfully in 253.39ms
[0] [webpackbar] ✔ Client: Compiled successfully in 350.49ms
[0] ↻ Updated components/RestaurantCard.vue
[0] [webpackbar] ℹ Compiling Server
[0] [webpackbar] ℹ Compiling Client
[0] [webpackbar] ✔ Server: Compiled successfully in 181.67ms
[0] [webpackbar] ✔ Client: Compiled successfully in 281.17ms
[0] ↻ Updated components/RestaurantCard.vue
[0] [webpackbar] ℹ Compiling Server
[0] [webpackbar] ✔ Server: Compiled successfully in 21.62ms
[0] [webpackbar] ℹ Compiling Client
[0] [webpackbar] ✔ Client: Compiled successfully in 127.24ms
[0] ↻ Updated .nuxt/components/nuxt-link.client.js
[0] ✔ Nuxt files generated
[0] [webpackbar] ℹ Compiling Server
[0] [webpackbar] ℹ Compiling Client
[0] [webpackbar] ✔ Server: Compiled successfully in 355.43ms
[0] [webpackbar] ✔ Client: Compiled successfully in 545.92ms
[0] ↻ Updated components/MenuItemCard.vue
[0] [webpackbar] ℹ Compiling Server
[0] [webpackbar] ℹ Compiling Client
[0] [webpackbar] ✔ Client: Compiled successfully in 213.47ms
[0] [webpackbar] ✔ Server: Compiled successfully in 233.30ms
[0] ✔ Nuxt files generated
[0] ↻ Updated .nuxt/axios.js
[0] [webpackbar] ℹ Compiling Server
[0] [webpackbar] ℹ Compiling Client
[0] [webpackbar] ✔ Server: Compiled successfully in 367.14ms
[0] [webpackbar] ✔ Client: Compiled successfully in 609.82ms
[0] ↻ Updated pages/admin/index.vue
[0] [webpackbar] ℹ Compiling Client
[0] [webpackbar] ℹ Compiling Server
[0] [webpackbar] ✔ Client: Compiled successfully in 123.54ms
[0] ↻ Updated pages/admin/index.vue
[0] [webpackbar] ✔ Server: Compiled successfully in 234.43ms
[0] [webpackbar] ℹ Compiling Client
[0] [webpackbar] ℹ Compiling Server
[0] [webpackbar] ✔ Server: Compiled successfully in 27.17ms
[0] [webpackbar] ✔ Client: Compiled successfully in 411.95ms
[0] ↻ Updated .nuxt/utils.js
[0] ✔ Nuxt files generated
[0] [webpackbar] ℹ Compiling Server
[0] [webpackbar] ℹ Compiling Client
[0] [webpackbar] ✔ Server: Compiled successfully in 355.73ms
[0] [webpackbar] ✔ Client: Compiled successfully in 370.55ms
[0] ↻ Updated pages/restaurants/_id/admin.vue
[0] [webpackbar] ℹ Compiling Client
[0] [webpackbar] ℹ Compiling Server
[0] [webpackbar] ✔ Client: Compiled successfully in 777.88ms
[0] [webpackbar] ✔ Server: Compiled successfully in 750.35ms
[0] ↻ Updated .nuxt/axios.js
[0] ✔ Nuxt files generated
[0] [webpackbar] ℹ Compiling Server
[0] [webpackbar] ℹ Compiling Client
[0] [webpackbar] ✔ Server: Compiled successfully in 359.60ms
[0] [webpackbar] ✔ Client: Compiled successfully in 487.35ms
[0] ↻ Updated pages/restaurants/_id/index.vue
[0] [webpackbar] ℹ Compiling Server
[0] [webpackbar] ℹ Compiling Client
[0] [webpackbar] ✔ Server: Compiled successfully in 255.98ms
[0] [webpackbar] ✔ Client: Compiled successfully in 271.90ms
[0] ↻ Updated pages/restaurants/_id/index.vue
[0] [webpackbar] ℹ Compiling Server
[0] [webpackbar] ✔ Server: Compiled successfully in 14.83ms
[0] [webpackbar] ℹ Compiling Client
[0] [webpackbar] ✔ Client: Compiled successfully in 89.45ms
[0] ↻ Updated pages/index.vue
[0] [webpackbar] ℹ Compiling Client
[0] [webpackbar] ℹ Compiling Server
[0] [webpackbar] ✔ Client: Compiled successfully in 289.86ms
[0] [webpackbar] ✔ Server: Compiled successfully in 265.54ms
[0] ↻ Updated pages/login.vue
[0] [webpackbar] ℹ Compiling Server
[0] [webpackbar] ℹ Compiling Client
[0] [webpackbar] ✔ Server: Compiled successfully in 339.47ms
[0] [webpackbar] ✔ Client: Compiled successfully in 346.38ms
[1] Error fetching restaurants: Error: Table 'restaurant.restaurants' doesn't exist
[1]     at PromisePool.query (/home/arxan-menu/htdocs/menu.arxan.app/node_modules/mysql2/promise.js:356:22)
[1]     at /home/arxan-menu/htdocs/menu.arxan.app/server/index.js:187:31
[1]     at Layer.handle [as handle_request] (/home/arxan-menu/htdocs/menu.arxan.app/node_modules/express/lib/router/layer.js:95:5)
[1]     at next (/home/arxan-menu/htdocs/menu.arxan.app/node_modules/express/lib/router/route.js:149:13)
[1]     at Route.dispatch (/home/arxan-menu/htdocs/menu.arxan.app/node_modules/express/lib/router/route.js:119:3)
[1]     at Layer.handle [as handle_request] (/home/arxan-menu/htdocs/menu.arxan.app/node_modules/express/lib/router/layer.js:95:5)
[1]     at /home/arxan-menu/htdocs/menu.arxan.app/node_modules/express/lib/router/index.js:284:15
[1]     at Function.process_params (/home/arxan-menu/htdocs/menu.arxan.app/node_modules/express/lib/router/index.js:346:12)
[1]     at next (/home/arxan-menu/htdocs/menu.arxan.app/node_modules/express/lib/router/index.js:280:10)
[1]     at jsonParser (/home/arxan-menu/htdocs/menu.arxan.app/node_modules/body-parser/lib/types/json.js:113:7) {
[1]   code: 'ER_NO_SUCH_TABLE',
[1]   errno: 1146,
[1]   sql: 'SELECT * FROM restaurants',
[1]   sqlState: '42S02',
[1]   sqlMessage: "Table 'restaurant.restaurants' doesn't exist"
[1] }
[0] ↻ Updated pages/login.vue
[0] [webpackbar] ℹ Compiling Server
[0] [webpackbar] ℹ Compiling Client
[0] [webpackbar] ✔ Server: Compiled successfully in 244.31ms
[0] [webpackbar] ✔ Client: Compiled successfully in 249.63ms
[1] Login attempt: Username = superadmin, Password = superpassword
[1] User found: 1 users
[1] User retrieved: superadmin
[1] Password valid: true
[1] JWT Token created: eyJhbGciOiJIUzI1NiIsInR5cCI6IkpXVCJ9.eyJpZCI6MSwidXNlcm5hbWUiOiJzdXBlcmFkbWluIiwicm9sZSI6InN1cGVyX2FkbWluIiwicmVzdGF1cmFudF9pZCI6bnVsbCwiaWF0IjoxNzMwNDgwNjk5LCJleHAiOjE3MzA0ODQyOTl9.pcSkLViQPwvXFD8y4KaD0aL7HaY283xjoIBIiGlsNnc
[1] Login attempt: Username = admin_restaurant_a, Password = restaurant_admin
[1] User found: 0 users
[1] No user found with that username.
[1] Login attempt: Username = admin_restoran_a, Password = restaurant_admin
[1] User found: 1 users
[1] User retrieved: admin_restoran_a
[1] Password valid: false
[1] Invalid password.
[1] Login attempt: Username = admin_restoran_a, Password = passwordA
[1] User found: 1 users
[1] User retrieved: admin_restoran_a
[1] Password valid: true
[1] JWT Token created: eyJhbGciOiJIUzI1NiIsInR5cCI6IkpXVCJ9.eyJpZCI6MiwidXNlcm5hbWUiOiJhZG1pbl9yZXN0b3Jhbl9hIiwicm9sZSI6InJlc3RhdXJhbnRfYWRtaW4iLCJyZXN0YXVyYW50X2lkIjoxLCJpYXQiOjE3MzA0ODA5MjUsImV4cCI6MTczMDQ4NDUyNX0.WJz9567tJrNZq-2pb0odxwxWsQNwtde_ZLqOt7D7-SY
[1] Login attempt: Username = superadmin, Password = superpassword
[1] User found: 1 users
[1] User retrieved: superadmin
[1] Password valid: true
[1] JWT Token created: eyJhbGciOiJIUzI1NiIsInR5cCI6IkpXVCJ9.eyJpZCI6MSwidXNlcm5hbWUiOiJzdXBlcmFkbWluIiwicm9sZSI6InN1cGVyX2FkbWluIiwicmVzdGF1cmFudF9pZCI6bnVsbCwiaWF0IjoxNzMwNDgxMDY0LCJleHAiOjE3MzA0ODQ2NjR9.lhi1ZEHgXzTY2m6KbiNQMa5O4WuYtjjJomnZdIimjjM
[1] [1] [32m[nodemon] restarting due to changes...[39m
[32m[nodemon] restarting due to changes...[39m
[1] [32m[nodemon] starting `node server/index.js`[39m
[1] [32m[nodemon] starting `node server/index.js`[39m
[1] Server berjalan di http://localhost:3001
[0] ↻ Updated .nuxt/axios.js
[0] ✔ Nuxt files generated
[1] node:events:497
[1]       throw er; // Unhandled 'error' event
[1]       ^
[1] 
[1] Error: listen EADDRINUSE: address already in use :::3001
[1]     at Server.setupListenHandle [as _listen2] (node:net:1908:16)
[1]     at listenInCluster (node:net:1965:12)
[1]     at Server.listen (node:net:2067:7)
[1]     at Function.listen (/home/arxan-menu/htdocs/menu.arxan.app/node_modules/express/lib/application.js:635:24)
[1]     at Object.<anonymous> (/home/arxan-menu/htdocs/menu.arxan.app/server/index.js:1062:5)
[1]     at Module._compile (node:internal/modules/cjs/loader:1546:14)
[1]     at Module._extensions..js (node:internal/modules/cjs/loader:1691:10)
[1]     at Module.load (node:internal/modules/cjs/loader:1317:32)
[1]     at Module._load (node:internal/modules/cjs/loader:1127:12)
[1]     at TracingChannel.traceSync (node:diagnostics_channel:315:14)
[1] Emitted 'error' event on Server instance at:
[1]     at emitErrorNT (node:net:1944:8)
[1]     at process.processTicksAndRejections (node:internal/process/task_queues:90:21) {
[1]   code: 'EADDRINUSE',
[1]   errno: -98,
[1]   syscall: 'listen',
[1]   address: '::',
[1]   port: 3001
[1] }
[1] 
[1] Node.js v22.9.0
[1] [31m[nodemon] app crashed - waiting for file changes before starting...[39m
[1] [32m[nodemon] restarting due to changes...[39m
[1] [32m[nodemon] starting `node server/index.js`[39m
[1] [32m[nodemon] restarting due to changes...[39m
[1] [32m[nodemon] starting `node server/index.js`[39m
[1] Server berjalan di http://localhost:3001
[1] node:events:497
[1]       throw er; // Unhandled 'error' event
[1]       ^
[1] 
[1] Error: listen EADDRINUSE: address already in use :::3001
[1]     at Server.setupListenHandle [as _listen2] (node:net:1908:16)
[1]     at listenInCluster (node:net:1965:12)
[1]     at Server.listen (node:net:2067:7)
[1]     at Function.listen (/home/arxan-menu/htdocs/menu.arxan.app/node_modules/express/lib/application.js:635:24)
[1]     at Object.<anonymous> (/home/arxan-menu/htdocs/menu.arxan.app/server/index.js:1062:5)
[1]     at Module._compile (node:internal/modules/cjs/loader:1546:14)
[1]     at Module._extensions..js (node:internal/modules/cjs/loader:1691:10)
[1]     at Module.load (node:internal/modules/cjs/loader:1317:32)
[1]     at Module._load (node:internal/modules/cjs/loader:1127:12)
[1]     at TracingChannel.traceSync (node:diagnostics_channel:315:14)
[1] Emitted 'error' event on Server instance at:
[1]     at emitErrorNT (node:net:1944:8)
[1]     at process.processTicksAndRejections (node:internal/process/task_queues:90:21) {
[1]   code: 'EADDRINUSE',
[1]   errno: -98,
[1]   syscall: 'listen',
[1]   address: '::',
[1]   port: 3001
[1] }
[1] 
[1] Node.js v22.9.0
[1] [31m[nodemon] app crashed - waiting for file changes before starting...[39m
[0] [webpackbar] ℹ Compiling Server
[0] [webpackbar] ℹ Compiling Client
[0] [webpackbar] ✔ Server: Compiled successfully in 317.19ms
[0] [webpackbar] ✔ Client: Compiled successfully in 489.78ms
[1] [32m[nodemon] restarting due to changes...[39m
[1] [32m[nodemon] starting `node server/index.js`[39m
[1] [32m[nodemon] restarting due to changes...[39m
[0] ↻ Updated middleware/guest.js
[1] [32m[nodemon] starting `node server/index.js`[39m
[1] Server berjalan di http://localhost:3001
[1] node:events:497
[1]       throw er; // Unhandled 'error' event
[1]       ^
[1] 
[1] Error: listen EADDRINUSE: address already in use :::3001
[1]     at Server.setupListenHandle [as _listen2] (node:net:1908:16)
[1]     at listenInCluster (node:net:1965:12)
[1]     at Server.listen (node:net:2067:7)
[1]     at Function.listen (/home/arxan-menu/htdocs/menu.arxan.app/node_modules/express/lib/application.js:635:24)
[1]     at Object.<anonymous> (/home/arxan-menu/htdocs/menu.arxan.app/server/index.js:1062:5)
[1]     at Module._compile (node:internal/modules/cjs/loader:1546:14)
[1]     at Module._extensions..js (node:internal/modules/cjs/loader:1691:10)
[1]     at Module.load (node:internal/modules/cjs/loader:1317:32)
[1]     at Module._load (node:internal/modules/cjs/loader:1127:12)
[1]     at TracingChannel.traceSync (node:diagnostics_channel:315:14)
[1] Emitted 'error' event on Server instance at:
[1]     at emitErrorNT (node:net:1944:8)
[1]     at process.processTicksAndRejections (node:internal/process/task_queues:90:21) {
[1]   code: 'EADDRINUSE',
[1]   errno: -98,
[1]   syscall: 'listen',
[1]   address: '::',
[1]   port: 3001
[1] }
[1] 
[1] Node.js v22.9.0
[1] [31m[nodemon] app crashed - waiting for file changes before starting...[39m
[1] [32m[nodemon] restarting due to changes...[39m
[1] [32m[nodemon] restarting due to changes...[39m
[1] [32m[nodemon] starting `node server/index.js`[39m
[1] [32m[nodemon] starting `node server/index.js`[39m
[1] Server berjalan di http://localhost:3001
[1] node:events:497
[1]       throw er; // Unhandled 'error' event
[1]       ^
[1] 
[1] Error: listen EADDRINUSE: address already in use :::3001
[1]     at Server.setupListenHandle [as _listen2] (node:net:1908:16)
[1]     at listenInCluster (node:net:1965:12)
[1]     at Server.listen (node:net:2067:7)
[1]     at Function.listen (/home/arxan-menu/htdocs/menu.arxan.app/node_modules/express/lib/application.js:635:24)
[1]     at Object.<anonymous> (/home/arxan-menu/htdocs/menu.arxan.app/server/index.js:1062:5)
[1]     at Module._compile (node:internal/modules/cjs/loader:1546:14)
[1]     at Module._extensions..js (node:internal/modules/cjs/loader:1691:10)
[1]     at Module.load (node:internal/modules/cjs/loader:1317:32)
[1]     at Module._load (node:internal/modules/cjs/loader:1127:12)
[1]     at TracingChannel.traceSync (node:diagnostics_channel:315:14)
[1] Emitted 'error' event on Server instance at:
[1]     at emitErrorNT (node:net:1944:8)
[1]     at process.processTicksAndRejections (node:internal/process/task_queues:90:21) {
[1]   code: 'EADDRINUSE',
[1]   errno: -98,
[1]   syscall: 'listen',
[1]   address: '::',
[1]   port: 3001
[1] }
[1] 
[1] Node.js v22.9.0
[1] [31m[nodemon] app crashed - waiting for file changes before starting...[39m
[0] [webpackbar] ℹ Compiling Server
[0] [webpackbar] ℹ Compiling Client
[0] [webpackbar] ✔ Server: Compiled successfully in 120.42ms
[1] [1] [32m[nodemon] restarting due to changes...[39m
[1] [32m[nodemon] starting `node server/index.js`[39m
[32m[nodemon] restarting due to changes...[39m
[0] [webpackbar] ✔ Client: Compiled successfully in 125.75ms
[0] ↻ Updated middleware/guest.js
[1] [32m[nodemon] starting `node server/index.js`[39m
[1] Server berjalan di http://localhost:3001
[1] node:events:497
[1]       throw er; // Unhandled 'error' event
[1]       ^
[1] 
[1] Error: listen EADDRINUSE: address already in use :::3001
[1]     at Server.setupListenHandle [as _listen2] (node:net:1908:16)
[1]     at listenInCluster (node:net:1965:12)
[1]     at Server.listen (node:net:2067:7)
[1]     at Function.listen (/home/arxan-menu/htdocs/menu.arxan.app/node_modules/express/lib/application.js:635:24)
[1]     at Object.<anonymous> (/home/arxan-menu/htdocs/menu.arxan.app/server/index.js:1062:5)
[1]     at Module._compile (node:internal/modules/cjs/loader:1546:14)
[1]     at Module._extensions..js (node:internal/modules/cjs/loader:1691:10)
[1]     at Module.load (node:internal/modules/cjs/loader:1317:32)
[1]     at Module._load (node:internal/modules/cjs/loader:1127:12)
[1]     at TracingChannel.traceSync (node:diagnostics_channel:315:14)
[1] Emitted 'error' event on Server instance at:
[1]     at emitErrorNT (node:net:1944:8)
[1]     at process.processTicksAndRejections (node:internal/process/task_queues:90:21) {
[1]   code: 'EADDRINUSE',
[1]   errno: -98,
[1]   syscall: 'listen',
[1]   address: '::',
[1]   port: 3001
[1] }
[1] 
[1] Node.js v22.9.0
[1] [31m[nodemon] app crashed - waiting for file changes before starting...[39m
[0] [webpackbar] ℹ Compiling Server
[0] [webpackbar] ℹ Compiling Client
[0] [webpackbar] ✔ Server: Compiled successfully in 87.61ms
[0] [webpackbar] ✔ Client: Compiled successfully in 180.34ms
[0] ↻ Updated pages/login.vue
[0] [webpackbar] ℹ Compiling Server
[0] [webpackbar] ℹ Compiling Client
[0] [webpackbar] ✔ Server: Compiled successfully in 210.04ms
[0] [webpackbar] ✔ Client: Compiled successfully in 214.71ms
[0] ↻ Updated pages/admin/index.vue
[0] [webpackbar] ℹ Compiling Server
[0] [webpackbar] ℹ Compiling Client
[0] [webpackbar] ✔ Server: Compiled successfully in 184.72ms
[0] [webpackbar] ✔ Client: Compiled successfully in 276.31ms
[1] Login attempt: Username = superadmin, Password = superpassword
[1] User found: 1 users
[1] User retrieved: superadmin
[1] Password valid: true
[1] JWT Token created: eyJhbGciOiJIUzI1NiIsInR5cCI6IkpXVCJ9.eyJpZCI6MSwidXNlcm5hbWUiOiJzdXBlcmFkbWluIiwicm9sZSI6InN1cGVyX2FkbWluIiwicmVzdGF1cmFudF9pZCI6bnVsbCwiaWF0IjoxNzMwNDgxNTg1LCJleHAiOjE3MzA0ODUxODV9._MgfGVVnDZ0u7mIPOQeinOD9ogW2Rw77qZTGte0AcHc
[1] [32m[nodemon] restarting due to changes...[39m
[0] ↻ Updated nuxt.config.js
[1] [32m[nodemon] restarting due to changes...[39m
[1] [32m[nodemon] starting `node server/index.js`[39m
[1] [32m[nodemon] starting `node server/index.js`[39m
[0] ℹ Listening on: http://localhost:3001/
[0] ℹ Preparing project for development
[0] ℹ Initial build may take a while
[0] ✔ Builder initialized
[0] ✔ Nuxt files generated
[1] node:events:497
[1]       throw er; // Unhandled 'error' event
[1]       ^
[1] 
[1] Error: listen EADDRINUSE: address already in use :::3001
[1]     at Server.setupListenHandle [as _listen2] (node:net:1908:16)
[1]     at listenInCluster (node:net:1965:12)
[1]     at Server.listen (node:net:2067:7)
[1]     at Function.listen (/home/arxan-menu/htdocs/menu.arxan.app/node_modules/express/lib/application.js:635:24)
[1]     at Object.<anonymous> (/home/arxan-menu/htdocs/menu.arxan.app/server/index.js:1062:5)
[1]     at Module._compile (node:internal/modules/cjs/loader:1546:14)
[1]     at Module._extensions..js (node:internal/modules/cjs/loader:1691:10)
[1]     at Module.load (node:internal/modules/cjs/loader:1317:32)
[1]     at Module._load (node:internal/modules/cjs/loader:1127:12)
[1]     at TracingChannel.traceSync (node:diagnostics_channel:315:14)
[1] Emitted 'error' event on Server instance at:
[1]     at emitErrorNT (node:net:1944:8)
[1]     at process.processTicksAndRejections (node:internal/process/task_queues:90:21) {
[1]   code: 'EADDRINUSE',
[1]   errno: -98,
[1]   syscall: 'listen',
[1]   address: '::',
[1]   port: 3001
[1] }
[1] 
[1] Node.js v22.9.0
[0] [webpackbar] ℹ Compiling Client
[0] [webpackbar] ℹ Compiling Server
[1] [31m[nodemon] app crashed - waiting for file changes before starting...[39m
[1] node:events:497
[1]       throw er; // Unhandled 'error' event
[1]       ^
[1] 
[1] Error: listen EADDRINUSE: address already in use :::3001
[1]     at Server.setupListenHandle [as _listen2] (node:net:1908:16)
[1]     at listenInCluster (node:net:1965:12)
[1]     at Server.listen (node:net:2067:7)
[1]     at Function.listen (/home/arxan-menu/htdocs/menu.arxan.app/node_modules/express/lib/application.js:635:24)
[1]     at Object.<anonymous> (/home/arxan-menu/htdocs/menu.arxan.app/server/index.js:1062:5)
[1]     at Module._compile (node:internal/modules/cjs/loader:1546:14)
[1]     at Module._extensions..js (node:internal/modules/cjs/loader:1691:10)
[1]     at Module.load (node:internal/modules/cjs/loader:1317:32)
[1]     at Module._load (node:internal/modules/cjs/loader:1127:12)
[1]     at TracingChannel.traceSync (node:diagnostics_channel:315:14)
[1] Emitted 'error' event on Server instance at:
[1]     at emitErrorNT (node:net:1944:8)
[1]     at process.processTicksAndRejections (node:internal/process/task_queues:90:21) {
[1]   code: 'EADDRINUSE',
[1]   errno: -98,
[1]   syscall: 'listen',
[1]   address: '::',
[1]   port: 3001
[1] }
[1] 
[1] Node.js v22.9.0
[1] [31m[nodemon] app crashed - waiting for file changes before starting...[39m
[1] [32m[nodemon] restarting due to changes...[39m
[1] [32m[nodemon] restarting due to changes...[39m
[1] [32m[nodemon] starting `node server/index.js`[39m
[1] [32m[nodemon] starting `node server/index.js`[39m
[1] node:events:497
[1]       throw er; // Unhandled 'error' event
[1]       ^
[1] 
[1] Error: listen EADDRINUSE: address already in use :::3001
[1]     at Server.setupListenHandle [as _listen2] (node:net:1908:16)
[1]     at listenInCluster (node:net:1965:12)
[1]     at Server.listen (node:net:2067:7)
[1]     at Function.listen (/home/arxan-menu/htdocs/menu.arxan.app/node_modules/express/lib/application.js:635:24)
[1]     at Object.<anonymous> (/home/arxan-menu/htdocs/menu.arxan.app/server/index.js:1062:5)
[1]     at Module._compile (node:internal/modules/cjs/loader:1546:14)
[1]     at Module._extensions..js (node:internal/modules/cjs/loader:1691:10)
[1]     at Module.load (node:internal/modules/cjs/loader:1317:32)
[1]     at Module._load (node:internal/modules/cjs/loader:1127:12)
[1]     at TracingChannel.traceSync (node:diagnostics_channel:315:14)
[1] Emitted 'error' event on Server instance at:
[1]     at emitErrorNT (node:net:1944:8)
[1]     at process.processTicksAndRejections (node:internal/process/task_queues:90:21) {
[1]   code: 'EADDRINUSE',
[1]   errno: -98,
[1]   syscall: 'listen',
[1]   address: '::',
[1]   port: 3001
[1] }
[1] 
[1] Node.js v22.9.0
[1] [31m[nodemon] app crashed - waiting for file changes before starting...[39m
[1] node:events:497
[1]       throw er; // Unhandled 'error' event
[1]       ^
[1] 
[1] Error: listen EADDRINUSE: address already in use :::3001
[1]     at Server.setupListenHandle [as _listen2] (node:net:1908:16)
[1]     at listenInCluster (node:net:1965:12)
[1]     at Server.listen (node:net:2067:7)
[1]     at Function.listen (/home/arxan-menu/htdocs/menu.arxan.app/node_modules/express/lib/application.js:635:24)
[1]     at Object.<anonymous> (/home/arxan-menu/htdocs/menu.arxan.app/server/index.js:1062:5)
[1]     at Module._compile (node:internal/modules/cjs/loader:1546:14)
[1]     at Module._extensions..js (node:internal/modules/cjs/loader:1691:10)
[1]     at Module.load (node:internal/modules/cjs/loader:1317:32)
[1]     at Module._load (node:internal/modules/cjs/loader:1127:12)
[1]     at TracingChannel.traceSync (node:diagnostics_channel:315:14)
[1] Emitted 'error' event on Server instance at:
[1]     at emitErrorNT (node:net:1944:8)
[1]     at process.processTicksAndRejections (node:internal/process/task_queues:90:21) {
[1]   code: 'EADDRINUSE',
[1]   errno: -98,
[1]   syscall: 'listen',
[1]   address: '::',
[1]   port: 3001
[1] }
[1] 
[1] Node.js v22.9.0
[1] [31m[nodemon] app crashed - waiting for file changes before starting...[39m
[0] [webpackbar] ✔ Server: Compiled successfully in 1.51s
[0] [webpackbar] ✔ Client: Compiled successfully in 1.66s
[0] ℹ Waiting for file changes
[0] ℹ Memory usage: 189 MB (RSS: 395 MB)
[0] ℹ Listening on: http://localhost:3001/
[1] [32m[nodemon] restarting due to changes...[39m
[1] [32m[nodemon] starting `node server/index.js`[39m
[1] [32m[nodemon] restarting due to changes...[39m
[1] [32m[nodemon] starting `node server/index.js`[39m
[0] ↻ Updated nuxt.config.js
[0] ℹ Listening on: http://localhost:3001/
[0] ℹ Preparing project for development
[0] ℹ Initial build may take a while
[0] ✔ Builder initialized
[0] ✔ Nuxt files generated
[0] [webpackbar] ℹ Compiling Client
[0] [webpackbar] ℹ Compiling Server
[1] node:events:497
[1]       throw er; // Unhandled 'error' event
[1]       ^
[1] 
[1] Error: listen EADDRINUSE: address already in use :::3001
[1]     at Server.setupListenHandle [as _listen2] (node:net:1908:16)
[1]     at listenInCluster (node:net:1965:12)
[1]     at Server.listen (node:net:2067:7)
[1]     at Function.listen (/home/arxan-menu/htdocs/menu.arxan.app/node_modules/express/lib/application.js:635:24)
[1]     at Object.<anonymous> (/home/arxan-menu/htdocs/menu.arxan.app/server/index.js:1062:5)
[1]     at Module._compile (node:internal/modules/cjs/loader:1546:14)
[1]     at Module._extensions..js (node:internal/modules/cjs/loader:1691:10)
[1]     at Module.load (node:internal/modules/cjs/loader:1317:32)
[1]     at Module._load (node:internal/modules/cjs/loader:1127:12)
[1]     at TracingChannel.traceSync (node:diagnostics_channel:315:14)
[1] Emitted 'error' event on Server instance at:
[1]     at emitErrorNT (node:net:1944:8)
[1]     at process.processTicksAndRejections (node:internal/process/task_queues:90:21) {
[1]   code: 'EADDRINUSE',
[1]   errno: -98,
[1]   syscall: 'listen',
[1]   address: '::',
[1]   port: 3001
[1] }
[1] 
[1] Node.js v22.9.0
[1] node:events:497
[1]       throw er; // Unhandled 'error' event
[1]       ^
[1] 
[1] Error: listen EADDRINUSE: address already in use :::3001
[1]     at Server.setupListenHandle [as _listen2] (node:net:1908:16)
[1]     at listenInCluster (node:net:1965:12)
[1]     at Server.listen (node:net:2067:7)
[1]     at Function.listen (/home/arxan-menu/htdocs/menu.arxan.app/node_modules/express/lib/application.js:635:24)
[1]     at Object.<anonymous> (/home/arxan-menu/htdocs/menu.arxan.app/server/index.js:1062:5)
[1]     at Module._compile (node:internal/modules/cjs/loader:1546:14)
[1]     at Module._extensions..js (node:internal/modules/cjs/loader:1691:10)
[1]     at Module.load (node:internal/modules/cjs/loader:1317:32)
[1]     at Module._load (node:internal/modules/cjs/loader:1127:12)
[1]     at TracingChannel.traceSync (node:diagnostics_channel:315:14)
[1] Emitted 'error' event on Server instance at:
[1]     at emitErrorNT (node:net:1944:8)
[1]     at process.processTicksAndRejections (node:internal/process/task_queues:90:21) {
[1]   code: 'EADDRINUSE',
[1]   errno: -98,
[1]   syscall: 'listen',
[1]   address: '::',
[1]   port: 3001
[1] }
[1] 
[1] Node.js v22.9.0
[1] [31m[nodemon] app crashed - waiting for file changes before starting...[39m
[1] [31m[nodemon] app crashed - waiting for file changes before starting...[39m
[1] [32m[nodemon] restarting due to changes...[39m
[1] [32m[nodemon] starting `node server/index.js`[39m
[1] [32m[nodemon] restarting due to changes...[39m
[1] [32m[nodemon] starting `node server/index.js`[39m
[1] node:events:497
[1]       throw er; // Unhandled 'error' event
[1]       ^
[1] 
[1] Error: listen EADDRINUSE: address already in use :::3001
[1]     at Server.setupListenHandle [as _listen2] (node:net:1908:16)
[1]     at listenInCluster (node:net:1965:12)
[1]     at Server.listen (node:net:2067:7)
[1]     at Function.listen (/home/arxan-menu/htdocs/menu.arxan.app/node_modules/express/lib/application.js:635:24)
[1]     at Object.<anonymous> (/home/arxan-menu/htdocs/menu.arxan.app/server/index.js:1062:5)
[1]     at Module._compile (node:internal/modules/cjs/loader:1546:14)
[1]     at Module._extensions..js (node:internal/modules/cjs/loader:1691:10)
[1]     at Module.load (node:internal/modules/cjs/loader:1317:32)
[1]     at Module._load (node:internal/modules/cjs/loader:1127:12)
[1]     at TracingChannel.traceSync (node:diagnostics_channel:315:14)
[1] Emitted 'error' event on Server instance at:
[1]     at emitErrorNT (node:net:1944:8)
[1]     at process.processTicksAndRejections (node:internal/process/task_queues:90:21) {
[1]   code: 'EADDRINUSE',
[1]   errno: -98,
[1]   syscall: 'listen',
[1]   address: '::',
[1]   port: 3001
[1] }
[1] 
[1] Node.js v22.9.0
[1] [31m[nodemon] app crashed - waiting for file changes before starting...[39m
[1] node:events:497
[1]       throw er; // Unhandled 'error' event
[1]       ^
[1] 
[1] Error: listen EADDRINUSE: address already in use :::3001
[1]     at Server.setupListenHandle [as _listen2] (node:net:1908:16)
[1]     at listenInCluster (node:net:1965:12)
[1]     at Server.listen (node:net:2067:7)
[1]     at Function.listen (/home/arxan-menu/htdocs/menu.arxan.app/node_modules/express/lib/application.js:635:24)
[1]     at Object.<anonymous> (/home/arxan-menu/htdocs/menu.arxan.app/server/index.js:1062:5)
[1]     at Module._compile (node:internal/modules/cjs/loader:1546:14)
[1]     at Module._extensions..js (node:internal/modules/cjs/loader:1691:10)
[1]     at Module.load (node:internal/modules/cjs/loader:1317:32)
[1]     at Module._load (node:internal/modules/cjs/loader:1127:12)
[1]     at TracingChannel.traceSync (node:diagnostics_channel:315:14)
[1] Emitted 'error' event on Server instance at:
[1]     at emitErrorNT (node:net:1944:8)
[1]     at process.processTicksAndRejections (node:internal/process/task_queues:90:21) {
[1]   code: 'EADDRINUSE',
[1]   errno: -98,
[1]   syscall: 'listen',
[1]   address: '::',
[1]   port: 3001
[1] }
[1] 
[1] Node.js v22.9.0
[1] [31m[nodemon] app crashed - waiting for file changes before starting...[39m
[0] [webpackbar] ✔ Server: Compiled successfully in 1.53s
[0] [webpackbar] ✔ Client: Compiled successfully in 1.71s
[0] ℹ Waiting for file changes
[0] ℹ Memory usage: 187 MB (RSS: 372 MB)
[0] ℹ Listening on: http://localhost:3001/
[1] [32m[nodemon] restarting due to changes...[39m
[1] [32m[nodemon] starting `node server/index.js`[39m
[1] [32m[nodemon] restarting due to changes...[39m
[1] [32m[nodemon] starting `node server/index.js`[39m
[0] ↻ Updated nuxt.config.js
[0] ℹ Listening on: http://localhost:3001/
[0] ℹ Preparing project for development
[0] ℹ Initial build may take a while
[0] ✔ Builder initialized
[0] ✔ Nuxt files generated
[0] [webpackbar] ℹ Compiling Client
[0] [webpackbar] ℹ Compiling Server
[1] node:events:497
[1]       throw er; // Unhandled 'error' event
[1]       ^
[1] 
[1] Error: listen EADDRINUSE: address already in use :::3001
[1]     at Server.setupListenHandle [as _listen2] (node:net:1908:16)
[1]     at listenInCluster (node:net:1965:12)
[1]     at Server.listen (node:net:2067:7)
[1]     at Function.listen (/home/arxan-menu/htdocs/menu.arxan.app/node_modules/express/lib/application.js:635:24)
[1]     at Object.<anonymous> (/home/arxan-menu/htdocs/menu.arxan.app/server/index.js:1062:5)
[1]     at Module._compile (node:internal/modules/cjs/loader:1546:14)
[1]     at Module._extensions..js (node:internal/modules/cjs/loader:1691:10)
[1]     at Module.load (node:internal/modules/cjs/loader:1317:32)
[1]     at Module._load (node:internal/modules/cjs/loader:1127:12)
[1]     at TracingChannel.traceSync (node:diagnostics_channel:315:14)
[1] Emitted 'error' event on Server instance at:
[1]     at emitErrorNT (node:net:1944:8)
[1]     at process.processTicksAndRejections (node:internal/process/task_queues:90:21) {
[1]   code: 'EADDRINUSE',
[1]   errno: -98,
[1]   syscall: 'listen',
[1]   address: '::',
[1]   port: 3001
[1] }
[1] 
[1] Node.js v22.9.0
[1] [31m[nodemon] app crashed - waiting for file changes before starting...[39m
[1] node:events:497
[1]       throw er; // Unhandled 'error' event
[1]       ^
[1] 
[1] Error: listen EADDRINUSE: address already in use :::3001
[1]     at Server.setupListenHandle [as _listen2] (node:net:1908:16)
[1]     at listenInCluster (node:net:1965:12)
[1]     at Server.listen (node:net:2067:7)
[1]     at Function.listen (/home/arxan-menu/htdocs/menu.arxan.app/node_modules/express/lib/application.js:635:24)
[1]     at Object.<anonymous> (/home/arxan-menu/htdocs/menu.arxan.app/server/index.js:1062:5)
[1]     at Module._compile (node:internal/modules/cjs/loader:1546:14)
[1]     at Module._extensions..js (node:internal/modules/cjs/loader:1691:10)
[1]     at Module.load (node:internal/modules/cjs/loader:1317:32)
[1]     at Module._load (node:internal/modules/cjs/loader:1127:12)
[1]     at TracingChannel.traceSync (node:diagnostics_channel:315:14)
[1] Emitted 'error' event on Server instance at:
[1]     at emitErrorNT (node:net:1944:8)
[1]     at process.processTicksAndRejections (node:internal/process/task_queues:90:21) {
[1]   code: 'EADDRINUSE',
[1]   errno: -98,
[1]   syscall: 'listen',
[1]   address: '::',
[1]   port: 3001
[1] }
[1] 
[1] Node.js v22.9.0
[1] [31m[nodemon] app crashed - waiting for file changes before starting...[39m
[1] [32m[nodemon] restarting due to changes...[39m
[1] [32m[nodemon] starting `node server/index.js`[39m
[1] [32m[nodemon] restarting due to changes...[39m
[1] [32m[nodemon] starting `node server/index.js`[39m
[1] node:events:497
[1]       throw er; // Unhandled 'error' event
[1]       ^
[1] 
[1] Error: listen EADDRINUSE: address already in use :::3001
[1]     at Server.setupListenHandle [as _listen2] (node:net:1908:16)
[1]     at listenInCluster (node:net:1965:12)
[1]     at Server.listen (node:net:2067:7)
[1]     at Function.listen (/home/arxan-menu/htdocs/menu.arxan.app/node_modules/express/lib/application.js:635:24)
[1]     at Object.<anonymous> (/home/arxan-menu/htdocs/menu.arxan.app/server/index.js:1062:5)
[1]     at Module._compile (node:internal/modules/cjs/loader:1546:14)
[1]     at Module._extensions..js (node:internal/modules/cjs/loader:1691:10)
[1]     at Module.load (node:internal/modules/cjs/loader:1317:32)
[1]     at Module._load (node:internal/modules/cjs/loader:1127:12)
[1]     at TracingChannel.traceSync (node:diagnostics_channel:315:14)
[1] Emitted 'error' event on Server instance at:
[1]     at emitErrorNT (node:net:1944:8)
[1]     at process.processTicksAndRejections (node:internal/process/task_queues:90:21) {
[1]   code: 'EADDRINUSE',
[1]   errno: -98,
[1]   syscall: 'listen',
[1]   address: '::',
[1]   port: 3001
[1] }
[1] 
[1] Node.js v22.9.0
[1] node:events:497
[1]       throw er; // Unhandled 'error' event
[1]       ^
[1] 
[1] Error: listen EADDRINUSE: address already in use :::3001
[1]     at Server.setupListenHandle [as _listen2] (node:net:1908:16)
[1]     at listenInCluster (node:net:1965:12)
[1]     at Server.listen (node:net:2067:7)
[1]     at Function.listen (/home/arxan-menu/htdocs/menu.arxan.app/node_modules/express/lib/application.js:635:24)
[1]     at Object.<anonymous> (/home/arxan-menu/htdocs/menu.arxan.app/server/index.js:1062:5)
[1]     at Module._compile (node:internal/modules/cjs/loader:1546:14)
[1]     at Module._extensions..js (node:internal/modules/cjs/loader:1691:10)
[1]     at Module.load (node:internal/modules/cjs/loader:1317:32)
[1]     at Module._load (node:internal/modules/cjs/loader:1127:12)
[1]     at TracingChannel.traceSync (node:diagnostics_channel:315:14)
[1] Emitted 'error' event on Server instance at:
[1]     at emitErrorNT (node:net:1944:8)
[1]     at process.processTicksAndRejections (node:internal/process/task_queues:90:21) {
[1]   code: 'EADDRINUSE',
[1]   errno: -98,
[1]   syscall: 'listen',
[1]   address: '::',
[1]   port: 3001
[1] }
[1] 
[1] Node.js v22.9.0
[1] [31m[nodemon] app crashed - waiting for file changes before starting...[39m
[1] [31m[nodemon] app crashed - waiting for file changes before starting...[39m
[0] [webpackbar] ✔ Server: Compiled successfully in 1.26s
[0] [webpackbar] ✔ Client: Compiled successfully in 1.38s
[0] ℹ Waiting for file changes
[0] ℹ Memory usage: 211 MB (RSS: 378 MB)
[0] ℹ Memory usage: 211 MB (RSS: 378 MB)

> menu@1.0.0 dev
> concurrently "nohup npm run dev:frontend &" "nohup npm run dev:backend &"

[0] 
[0] > menu@1.0.0 dev:frontend
[0] > nuxt
[0] 
[1] 
[1] > menu@1.0.0 dev:backend
[1] > nodemon server/index.js
[1] 
[1] [33m[nodemon] 3.1.7[39m
[1] [33m[nodemon] to restart at any time, enter `rs`[39m
[1] [33m[nodemon] watching path(s): *.*[39m
[1] [33m[nodemon] watching extensions: js,mjs,cjs,json[39m
[1] [32m[nodemon] starting `node server/index.js`[39m
[1] node:events:497
[1]       throw er; // Unhandled 'error' event
[1]       ^
[1] 
[1] Error: listen EADDRINUSE: address already in use :::3001
[1]     at Server.setupListenHandle [as _listen2] (node:net:1908:16)
[1]     at listenInCluster (node:net:1965:12)
[1]     at Server.listen (node:net:2067:7)
[1]     at Function.listen (/home/arxan-menu/htdocs/menu.arxan.app/node_modules/express/lib/application.js:635:24)
[1]     at Object.<anonymous> (/home/arxan-menu/htdocs/menu.arxan.app/server/index.js:1062:5)
[1]     at Module._compile (node:internal/modules/cjs/loader:1546:14)
[1]     at Module._extensions..js (node:internal/modules/cjs/loader:1691:10)
[1]     at Module.load (node:internal/modules/cjs/loader:1317:32)
[1]     at Module._load (node:internal/modules/cjs/loader:1127:12)
[1]     at TracingChannel.traceSync (node:diagnostics_channel:315:14)
[1] Emitted 'error' event on Server instance at:
[1]     at emitErrorNT (node:net:1944:8)
[1]     at process.processTicksAndRejections (node:internal/process/task_queues:90:21) {
[1]   code: 'EADDRINUSE',
[1]   errno: -98,
[1]   syscall: 'listen',
[1]   address: '::',
[1]   port: 3001
[1] }
[1] 
[1] Node.js v22.9.0
[1] [31m[nodemon] app crashed - waiting for file changes before starting...[39m
[0] 
[0]  ERROR  (node:2817649) [DEP0040] DeprecationWarning: The punycode module is deprecated. Please use a userland alternative instead.
[0] (Use node --trace-deprecation ... to show where the warning was created)
[0] 
[0] 
[0]  WARN  Address localhost:3001 is already in use.
[0] 
[0] ℹ Trying a random port...
[0] ℹ Listening on: http://localhost:37383/
[0] ℹ Preparing project for development
[0] ℹ Initial build may take a while
[0] ℹ Discovered Components: .nuxt/components/readme.md
[0] ✔ Builder initialized
[0] ✔ Nuxt files generated
[0] ↻ Updated .nuxt/App.js
[0] [webpackbar] ℹ Compiling Client
[0] [webpackbar] ℹ Compiling Server
[0] [webpackbar] ℹ Compiling Server
[0] [webpackbar] ℹ Compiling Client
[0] [webpackbar] ✔ Server: Compiled with some errors in 1.85s
[0] 
[0]  ERROR  Watchpack Error (watcher): Error: EACCES: permission denied, watch '/home'
[0] 
[0] 
[0]  ERROR  Watchpack Error (initial scan): Error: EACCES: permission denied, scandir '/home'
[0] 
[0] [webpackbar] ✔ Client: Compiled with some errors in 1.92s
[0] 
[0] [friendly-errors]  ERROR  Failed to compile with 3 errors
[0] 
[0] [friendly-errors] These dependencies were not found:
[0] [friendly-errors] 
[0] [friendly-errors] * nuxt_plugin_axios_5659d192 in ./.nuxt/index.js
[0] [friendly-errors] * nuxt_plugin_axios_ba57cbe4 in ./.nuxt/index.js
[0] [friendly-errors] * nuxt_plugin_plugin_012b3af8 in ./.nuxt/index.js
[0] [friendly-errors] 
[0] [friendly-errors] To install them, you can run: npm install --save nuxt_plugin_axios_5659d192 nuxt_plugin_axios_ba57cbe4 nuxt_plugin_plugin_012b3af8
[0] 
[0]  ERROR  Watchpack Error (watcher): Error: EACCES: permission denied, watch '/home'
[0] 
[0] 
[0]  ERROR  Watchpack Error (initial scan): Error: EACCES: permission denied, scandir '/home'
[0] 
[0] [webpackbar] ℹ Compiling Server
[0] [webpackbar] ✔ Server: Compiled with some errors in 55.14ms
[0] [webpackbar] ℹ Compiling Client
[0] [webpackbar] ✔ Client: Compiled with some errors in 79.44ms
[0] 
[0] [friendly-errors]  ERROR  Failed to compile with 3 errors
[0] 
[0] [friendly-errors] These dependencies were not found:
[0] [friendly-errors] 
[0] [friendly-errors] * nuxt_plugin_axios_5659d192 in ./.nuxt/index.js
[0] [friendly-errors] * nuxt_plugin_axios_ba57cbe4 in ./.nuxt/index.js
[0] [friendly-errors] * nuxt_plugin_plugin_012b3af8 in ./.nuxt/index.js
[0] [friendly-errors] 
[0] [friendly-errors] To install them, you can run: npm install --save nuxt_plugin_axios_5659d192 nuxt_plugin_axios_ba57cbe4 nuxt_plugin_plugin_012b3af8
[0] [webpackbar] ✔ Server: Compiled successfully in 3.95s
[0] [webpackbar] ✔ Client: Compiled successfully in 4.50s
[0] ℹ Waiting for file changes
[0] ℹ Memory usage: 194 MB (RSS: 377 MB)
[0] ℹ Listening on: http://localhost:37383/
[0] ↻ Updated .nuxt/axios.js
[0] ↻ Updated .nuxt/App.js
[0] [webpackbar] ℹ Compiling Server
[0] [webpackbar] ℹ Compiling Server
[0] [webpackbar] ℹ Compiling Client
[0] [webpackbar] ℹ Compiling Client
[0] [webpackbar] ✔ Client: Compiled with some errors in 399.87ms
[0] 
[0] [friendly-errors]  ERROR  Failed to compile with 3 errors
[0] 
[0] [friendly-errors] These dependencies were not found:
[0] [friendly-errors] 
[0] [friendly-errors] * nuxt_plugin_axios_5659d192 in ./.nuxt/index.js
[0] [friendly-errors] * nuxt_plugin_axios_ba57cbe4 in ./.nuxt/index.js
[0] [friendly-errors] * nuxt_plugin_plugin_012b3af8 in ./.nuxt/index.js
[0] [friendly-errors] 
[0] [friendly-errors] To install them, you can run: npm install --save nuxt_plugin_axios_5659d192 nuxt_plugin_axios_ba57cbe4 nuxt_plugin_plugin_012b3af8
[0] [webpackbar] ✔ Server: Compiled with some errors in 470.38ms
[0] [webpackbar] ✔ Server: Compiled successfully in 803.03ms
[0] [webpackbar] ✔ Client: Compiled successfully in 831.93ms
[1] nohup npm run dev:backend & exited with code 0
[1] nohup npm run dev:backend & exited with code 0
[0] Terminated
[0] Terminated
[0] nohup npm run dev:frontend & exited with code 0
[0] nohup npm run dev:frontend & exited with code 0
[1] nohup npm run dev:backend & exited with code 0
